This file contains any messages produced by compilers while
running configure, to aid debugging if configure makes a mistake.

It was created by configure, which was
generated by GNU Autoconf 2.68.  Invocation command line was

  $ ./configure 

## --------- ##
## Platform. ##
## --------- ##

hostname = LAPTOP-PFAGQ4HQ
uname -m = i686
uname -r = 1.0.19(0.48/3/2)
uname -s = MINGW32_NT-6.2
uname -v = 2016-07-13 17:45

/usr/bin/uname -p = unknown
/bin/uname -X     = unknown

/bin/arch              = unknown
/usr/bin/arch -k       = unknown
/usr/convex/getsysinfo = unknown
/usr/bin/hostinfo      = unknown
/bin/machine           = unknown
/usr/bin/oslevel       = unknown
/bin/universe          = unknown

PATH: /c/oraclexe/app/oracle/product/11.2.0/server/bin
PATH: /c/Program Files/Java/jdk1.8.0_111/bin
PATH: /c/WINDOWS/system32
PATH: /c/WINDOWS
PATH: /c/WINDOWS/System32/Wbem
PATH: /c/WINDOWS/System32/WindowsPowerShell/v1.0/
PATH: /c/Program Files/Intel/WiFi/bin/
PATH: /c/Program Files/Common Files/Intel/WirelessCommon/
PATH: /c/Program Files/nodejs/
PATH: /c/Users/user/.dnx/bin
PATH: /c/Program Files/Microsoft DNX/Dnvm/
PATH: /c/portable/apache-maven-3.3.9/bin
PATH: /c/Program Files/dotnet/
PATH: /c/Program Files/MySQL/MySQL Utilities 1.6/
PATH: /c/Program Files (x86)/Windows Kits/10/Windows Performance Toolkit/
PATH: /c/portable/php-7.1.1-Win32-VC14-x64
PATH: /mingw/bin
PATH: /c/Program Files (x86)/GtkSharp/2.12/bin
PATH: /c/Users/user/AppData/Local/Programs/Python/Python36-32
PATH: /c/Users/user/AppData/Local/Programs/Python/Python36-32/Scripts
PATH: /c/ProgramData/ComposerSetup/bin
PATH: /c/portable/phantomjs-2.1.1-windows/phantomjs-2.1.1-windows/bin
PATH: /c/Program Files (x86)/Yarn/bin
PATH: /c/Program Files/TortoiseGit/bin
PATH: /c/PostgreSQL/pg96/bin
PATH: /c/WINDOWS/System32/OpenSSH/
PATH: /c/Program Files/Git/cmd
PATH: /c/Program Files (x86)/Microsoft Visual Studio 14.0/VC/bin
PATH: /usr/bin
PATH: /c/Users/user/AppData/Roaming/npm
PATH: /c/Users/user/AppData/Local/atom/bin
PATH: /c/Users/user/AppData/Local/Microsoft/WindowsApps
PATH: /c/Users/user/AppData/Roaming/Composer/vendor/bin
PATH: /c/Users/user/AppData/Local/Yarn/bin
PATH: /c/portable/nuget
PATH: /c/Program Files/Microsoft VS Code/bin
PATH: /c/Windows/Microsoft.NET/Framework/v4.0.30319
PATH: /c/Program Files/Heroku/bin
PATH: .


## ----------- ##
## Core tests. ##
## ----------- ##

configure:1800: checking for a BSD-compatible install
configure:1868: result: /usr/bin/install -c
configure:1879: checking whether build environment is sane
configure:1929: result: yes
configure:2070: checking for a thread-safe mkdir -p
configure:2109: result: /usr/bin/mkdir -p
configure:2122: checking for gawk
configure:2138: found /usr/bin/gawk
configure:2149: result: gawk
configure:2160: checking whether make sets $(MAKE)
configure:2182: result: yes
configure:2312: checking for gcc
configure:2328: found /mingw/bin/gcc
configure:2339: result: gcc
configure:2568: checking for C compiler version
configure:2577: gcc --version >&5
gcc.exe (GCC) 5.3.0
Copyright (C) 2015 Free Software Foundation, Inc.
This is free software; see the source for copying conditions.  There is NO
warranty; not even for MERCHANTABILITY or FITNESS FOR A PARTICULAR PURPOSE.

configure:2588: $? = 0
configure:2577: gcc -v >&5
Using built-in specs.
COLLECT_GCC=C:\MinGW\bin\gcc.exe
COLLECT_LTO_WRAPPER=c:/mingw/bin/../libexec/gcc/mingw32/5.3.0/lto-wrapper.exe
Target: mingw32
Configured with: ../src/gcc-5.3.0/configure --build=x86_64-pc-linux-gnu --host=mingw32 --prefix=/mingw --disable-win32-registry --target=mingw32 --with-arch=i586 --enable-languages=c,c++,objc,obj-c++,fortran,ada --enable-static --enable-shared --enable-threads --with-dwarf2 --disable-sjlj-exceptions --enable-version-specific-runtime-libs --with-libintl-prefix=/mingw --enable-libstdcxx-debug --with-tune=generic --enable-libgomp --disable-libvtv --enable-nls : (reconfigured) ../src/gcc-5.3.0/configure --build=x86_64-pc-linux-gnu --host=mingw32 --prefix=/mingw --disable-win32-registry --target=mingw32 --with-arch=i586 --enable-languages=c,c++,objc,obj-c++,fortran,ada --enable-static --enable-shared --enable-threads --with-dwarf2 --disable-sjlj-exceptions --enable-version-specific-runtime-libs --with-libiconv-prefix=/mingw --with-libintl-prefix=/mingw --enable-libstdcxx-debug --with-tune=generic --enable-libgomp --disable-libvtv --enable-nls
Thread model: win32
gcc version 5.3.0 (GCC) 
configure:2588: $? = 0
configure:2577: gcc -V >&5
gcc.exe: error: unrecognized command line option '-V'
gcc.exe: fatal error: no input files
compilation terminated.
configure:2588: $? = 1
configure:2577: gcc -qversion >&5
gcc.exe: error: unrecognized command line option '-qversion'
gcc.exe: fatal error: no input files
compilation terminated.
configure:2588: $? = 1
configure:2608: checking whether the C compiler works
configure:2630: gcc    conftest.c  >&5
configure:2634: $? = 0
configure:2682: result: yes
configure:2685: checking for C compiler default output file name
configure:2687: result: a.exe
configure:2693: checking for suffix of executables
configure:2700: gcc -o conftest.exe    conftest.c  >&5
configure:2704: $? = 0
configure:2726: result: .exe
configure:2748: checking whether we are cross compiling
configure:2756: gcc -o conftest.exe    conftest.c  >&5
configure:2760: $? = 0
configure:2767: ./conftest.exe
configure:2771: $? = 0
configure:2786: result: no
configure:2791: checking for suffix of object files
configure:2813: gcc -c   conftest.c >&5
configure:2817: $? = 0
configure:2838: result: o
configure:2842: checking whether we are using the GNU C compiler
configure:2861: gcc -c   conftest.c >&5
configure:2861: $? = 0
configure:2870: result: yes
configure:2879: checking whether gcc accepts -g
configure:2899: gcc -c -g  conftest.c >&5
configure:2899: $? = 0
configure:2940: result: yes
configure:2957: checking for gcc option to accept ISO C89
configure:3021: gcc  -c -g -O2  conftest.c >&5
configure:3021: $? = 0
configure:3034: result: none needed
configure:3065: checking for style of include used by make
configure:3093: result: GNU
configure:3118: checking dependency style of gcc
configure:3228: result: gcc3
configure:3286: checking for ranlib
configure:3302: found /mingw/bin/ranlib
configure:3313: result: ranlib
configure:3512: creating ./config.status

## ---------------------- ##
## Running config.status. ##
## ---------------------- ##

This file was extended by config.status, which was
generated by GNU Autoconf 2.68.  Invocation command line was

  CONFIG_FILES    = 
  CONFIG_HEADERS  = 
  CONFIG_LINKS    = 
  CONFIG_COMMANDS = 
  $ ./config.status 

on LAPTOP-PFAGQ4HQ

config.status:782: creating Makefile
config.status:782: creating src/Makefile
config.status:782: creating lib/Makefile
config.status:954: executing depfiles commands

## ---------------- ##
## Cache variables. ##
## ---------------- ##

ac_cv_c_compiler_gnu=yes
ac_cv_env_build_alias_set=
ac_cv_env_build_alias_value=
ac_cv_env_CC_set=
ac_cv_env_CC_value=
ac_cv_env_CFLAGS_set=
ac_cv_env_CFLAGS_value=
ac_cv_env_CPPFLAGS_set=
ac_cv_env_CPPFLAGS_value=
ac_cv_env_host_alias_set=
ac_cv_env_host_alias_value=
ac_cv_env_LDFLAGS_set=
ac_cv_env_LDFLAGS_value=
ac_cv_env_LIBS_set=
ac_cv_env_LIBS_value=
ac_cv_env_target_alias_set=
ac_cv_env_target_alias_value=
ac_cv_exeext=.exe
ac_cv_objext=o
ac_cv_path_install='/usr/bin/install -c'
ac_cv_path_mkdir=/usr/bin/mkdir
ac_cv_prog_ac_ct_CC=gcc
ac_cv_prog_ac_ct_RANLIB=ranlib
ac_cv_prog_AWK=gawk
ac_cv_prog_cc_c89=
ac_cv_prog_cc_g=yes
ac_cv_prog_make_make_set=yes
am_cv_CC_dependencies_compiler_type=gcc3

## ----------------- ##
## Output variables. ##
## ----------------- ##

ac_ct_CC='gcc'
ACLOCAL='${SHELL} /c/Users/user/git_workdspace/TechOffice-Gcc/060-AutoToolExample/missing --run aclocal-1.11'
am__EXEEXT_FALSE='#'
am__EXEEXT_TRUE=''
am__fastdepCC_FALSE='#'
am__fastdepCC_TRUE=''
am__include='include'
am__isrc=''
am__leading_dot='.'
am__quote=''
am__tar='${AMTAR} chof - "$$tardir"'
am__untar='${AMTAR} xf -'
AMDEP_FALSE='#'
AMDEP_TRUE=''
AMDEPBACKSLASH='\'
AMTAR='${SHELL} /c/Users/user/git_workdspace/TechOffice-Gcc/060-AutoToolExample/missing --run tar'
AUTOCONF='${SHELL} /c/Users/user/git_workdspace/TechOffice-Gcc/060-AutoToolExample/missing --run autoconf'
AUTOHEADER='${SHELL} /c/Users/user/git_workdspace/TechOffice-Gcc/060-AutoToolExample/missing --run autoheader'
AUTOMAKE='${SHELL} /c/Users/user/git_workdspace/TechOffice-Gcc/060-AutoToolExample/missing --run automake-1.11'
AWK='gawk'
bindir='${exec_prefix}/bin'
build_alias=''
CC='gcc'
CCDEPMODE='depmode=gcc3'
CFLAGS='-g -O2'
CPPFLAGS=''
CYGPATH_W='echo'
datadir='${datarootdir}'
datarootdir='${prefix}/share'
DEFS='-DPACKAGE_NAME=\"\" -DPACKAGE_TARNAME=\"\" -DPACKAGE_VERSION=\"\" -DPACKAGE_STRING=\"\" -DPACKAGE_BUGREPORT=\"\" -DPACKAGE_URL=\"\" -DPACKAGE=\"hello\" -DVERSION=\"1.0\"'
DEPDIR='.deps'
docdir='${datarootdir}/doc/${PACKAGE}'
dvidir='${docdir}'
ECHO_C=''
ECHO_N='-n'
ECHO_T=''
exec_prefix='${prefix}'
EXEEXT='.exe'
host_alias=''
htmldir='${docdir}'
includedir='${prefix}/include'
infodir='${datarootdir}/info'
INSTALL_DATA='${INSTALL} -m 644'
INSTALL_PROGRAM='${INSTALL}'
INSTALL_SCRIPT='${INSTALL}'
install_sh='${SHELL} /c/Users/user/git_workdspace/TechOffice-Gcc/060-AutoToolExample/install-sh'
INSTALL_STRIP_PROGRAM='$(install_sh) -c -s'
LDFLAGS=''
libdir='${exec_prefix}/lib'
libexecdir='${exec_prefix}/libexec'
LIBOBJS=''
LIBS=''
localedir='${datarootdir}/locale'
localstatedir='${prefix}/var'
LTLIBOBJS=''
MAKEINFO='${SHELL} /c/Users/user/git_workdspace/TechOffice-Gcc/060-AutoToolExample/missing --run makeinfo'
mandir='${datarootdir}/man'
MKDIR_P='/usr/bin/mkdir -p'
mkdir_p='/usr/bin/mkdir -p'
OBJEXT='o'
oldincludedir='/usr/include'
PACKAGE_BUGREPORT=''
PACKAGE_NAME=''
PACKAGE_STRING=''
PACKAGE_TARNAME=''
PACKAGE_URL=''
PACKAGE_VERSION=''
PACKAGE='hello'
PATH_SEPARATOR=':'
pdfdir='${docdir}'
prefix='/usr/local'
program_transform_name='s,x,x,'
psdir='${docdir}'
RANLIB='ranlib'
sbindir='${exec_prefix}/sbin'
SET_MAKE=''
sharedstatedir='${prefix}/com'
SHELL='/bin/sh'
STRIP=''
sysconfdir='${prefix}/etc'
target_alias=''
VERSION='1.0'

## ----------- ##
## confdefs.h. ##
## ----------- ##

/* confdefs.h */
#define PACKAGE_NAME ""
#define PACKAGE_TARNAME ""
#define PACKAGE_VERSION ""
#define PACKAGE_STRING ""
#define PACKAGE_BUGREPORT ""
#define PACKAGE_URL ""
#define PACKAGE "hello"
#define VERSION "1.0"

configure: exit 0
